<?xml version="1.0" encoding="UTF-8"?>
<!-- Generated by org.testng.reporters.JUnitReportReporter -->
<testsuite skipped="0" hostname="Usuario1-PC" name="Test.TestAutenticacion" tests="1" failures="0" timestamp="01 abr 2019 20:46:18 GMT" time="13.515" errors="0">
  <testcase name="testAutenticacion" time="13.515" classname="Test.TestAutenticacion"/>
</testsuite> <!-- Test.TestAutenticacion -->
