<?xml version="1.0" encoding="UTF-8"?>
<!-- Generated by org.testng.reporters.JUnitReportReporter -->
<testsuite skipped="0" hostname="Usuario1-PC" name="Test.LogIn" tests="3" failures="0" timestamp="22 mar 2019 19:09:26 GMT" time="18.150" errors="0">
  <testcase name="testLogIn3" time="5.509" classname="Test.LogIn"/>
  <testcase name="testLogIn" time="5.585" classname="Test.LogIn"/>
  <testcase name="testLogIn2" time="7.056" classname="Test.LogIn"/>
</testsuite> <!-- Test.LogIn -->
