<?xml version="1.0" encoding="UTF-8"?>
<!-- Generated by org.testng.reporters.JUnitReportReporter -->
<testsuite skipped="0" hostname="Usuario1-PC" name="Test.TestAfiliarGrupoEconomico" tests="1" failures="0" timestamp="03 abr 2019 16:42:07 GMT" time="64.433" errors="0">
  <testcase name="testAfiliarGrupoEconomico" time="64.433" classname="Test.TestAfiliarGrupoEconomico"/>
</testsuite> <!-- Test.TestAfiliarGrupoEconomico -->
